<?xml version="1.0" encoding="UTF-8"?>
<!-- Generated by org.testng.reporters.JUnitXMLReporter -->
<testsuite hostname="Makarov_K-PC" failures="0" tests="3" name="Open Account" time="2.313" errors="0" timestamp="30 Oct 2018 13:12:23 GMT">
  <testcase classname="com.example.testcases.OpenAccountTest" name="openAccountTest" time="1.325"/>
  <testcase classname="com.example.testcases.OpenAccountTest" name="openAccountTest" time="0.456"/>
  <testcase classname="com.example.testcases.OpenAccountTest" name="openAccountTest" time="0.531"/>
</testsuite> <!-- Open Account -->
