<?xml version="1.0" encoding="UTF-8"?>
<testng-results total="5" passed="5" failed="0" skipped="0">
  <reporter-output>
  </reporter-output>
  <suite started-at="2018-10-29T09:14:38Z" name="Data Driven Basics" finished-at="2018-10-29T09:14:42Z" duration-ms="4616">
    <groups>
    </groups>
    <test started-at="2018-10-29T09:14:38Z" name="Bank Manager Login" finished-at="2018-10-29T09:14:38Z" duration-ms="832">
      <class name="com.example.testcases.BankManagerLoginTest">
        <test-method signature="loginAsBankManagerTest()[pri:0, instance:com.example.testcases.BankManagerLoginTest@3fb1549b]" started-at="2018-10-29T11:14:38Z" name="loginAsBankManagerTest" finished-at="2018-10-29T11:14:38Z" duration-ms="750" status="PASS">
          <reporter-output>
          </reporter-output>
        </test-method> <!-- loginAsBankManagerTest -->
      </class> <!-- com.example.testcases.BankManagerLoginTest -->
    </test> <!-- Bank Manager Login -->
    <test started-at="2018-10-29T09:14:39Z" name="Add Customer" finished-at="2018-10-29T09:14:39Z" duration-ms="408">
      <class name="com.example.testcases.AddCustomerTest">
        <test-method signature="addCustomerTest(java.lang.String, java.lang.String, java.lang.String)[pri:0, instance:com.example.testcases.AddCustomerTest@56cdfb3b]" started-at="2018-10-29T11:14:39Z" name="addCustomerTest" data-provider="getTestData_AddCustomer" finished-at="2018-10-29T11:14:39Z" duration-ms="405" status="PASS">
          <params>
            <param index="0">
              <value>
                <![CDATA[Kyryl]]>
              </value>
            </param>
            <param index="1">
              <value>
                <![CDATA[Makarov]]>
              </value>
            </param>
            <param index="2">
              <value>
                <![CDATA[95W66S]]>
              </value>
            </param>
          </params>
          <reporter-output>
          </reporter-output>
        </test-method> <!-- addCustomerTest -->
      </class> <!-- com.example.testcases.AddCustomerTest -->
    </test> <!-- Add Customer -->
    <test started-at="2018-10-29T09:14:39Z" name="Open Account" finished-at="2018-10-29T09:14:42Z" duration-ms="3134">
      <class name="com.example.testcases.OpenAccountTest">
        <test-method is-config="true" signature="setUp()[pri:0, instance:com.example.testcases.OpenAccountTest@6283d8b8]" started-at="2018-10-29T11:14:32Z" name="setUp" finished-at="2018-10-29T11:14:38Z" duration-ms="5222" status="PASS">
          <reporter-output>
          </reporter-output>
        </test-method> <!-- setUp -->
        <test-method signature="openAccountTest(java.lang.String, java.lang.String)[pri:0, instance:com.example.testcases.OpenAccountTest@6283d8b8]" started-at="2018-10-29T11:14:39Z" name="openAccountTest" data-provider="getTestData_OpenAccountTest" finished-at="2018-10-29T11:14:40Z" duration-ms="1065" status="PASS">
          <params>
            <param index="0">
              <value>
                <![CDATA[Hermoine Granger]]>
              </value>
            </param>
            <param index="1">
              <value>
                <![CDATA[Dollar]]>
              </value>
            </param>
          </params>
          <reporter-output>
          </reporter-output>
        </test-method> <!-- openAccountTest -->
        <test-method signature="openAccountTest(java.lang.String, java.lang.String)[pri:0, instance:com.example.testcases.OpenAccountTest@6283d8b8]" started-at="2018-10-29T11:14:40Z" name="openAccountTest" data-provider="getTestData_OpenAccountTest" finished-at="2018-10-29T11:14:41Z" duration-ms="1028" status="PASS">
          <params>
            <param index="0">
              <value>
                <![CDATA[Harry Potter]]>
              </value>
            </param>
            <param index="1">
              <value>
                <![CDATA[Pound]]>
              </value>
            </param>
          </params>
          <reporter-output>
          </reporter-output>
        </test-method> <!-- openAccountTest -->
        <test-method signature="openAccountTest(java.lang.String, java.lang.String)[pri:0, instance:com.example.testcases.OpenAccountTest@6283d8b8]" started-at="2018-10-29T11:14:41Z" name="openAccountTest" data-provider="getTestData_OpenAccountTest" finished-at="2018-10-29T11:14:42Z" duration-ms="1038" status="PASS">
          <params>
            <param index="0">
              <value>
                <![CDATA[Ron Weasly]]>
              </value>
            </param>
            <param index="1">
              <value>
                <![CDATA[Rupee]]>
              </value>
            </param>
          </params>
          <reporter-output>
          </reporter-output>
        </test-method> <!-- openAccountTest -->
        <test-method is-config="true" signature="tearDown()[pri:0, instance:com.example.testcases.OpenAccountTest@6283d8b8]" started-at="2018-10-29T11:14:42Z" name="tearDown" finished-at="2018-10-29T11:14:43Z" duration-ms="920" status="PASS">
          <reporter-output>
          </reporter-output>
        </test-method> <!-- tearDown -->
      </class> <!-- com.example.testcases.OpenAccountTest -->
    </test> <!-- Open Account -->
  </suite> <!-- Data Driven Basics -->
</testng-results>
