<?xml version="1.0" encoding="UTF-8"?>
<testsuite name="Open Account"
           tests="3"
           failures="0"
           errors="0"
           skipped="0"
           time="1,629">
  <properties />
  
  
            <testcase name="openAccountTest" time="0,974" classname="com.example.testcases.OpenAccountTest" />
                <testcase name="openAccountTest" time="0,330" classname="com.example.testcases.OpenAccountTest" />
                <testcase name="openAccountTest" time="0,325" classname="com.example.testcases.OpenAccountTest" />
      
</testsuite>
